Terminals unused in grammar

    ERROR


Grammar

    0 $accept: program $end

    1 program: class_list

    2 class_list: class
    3           | class_list class

    4 class: CLASS TYPEID '{' feature_list '}' ';'
    5      | CLASS TYPEID INHERITS TYPEID '{' feature_list '}' ';'
    6      | error ';'

    7 feature_list: %empty
    8             | feature_list feature

    9 feature: OBJECTID '(' formal_list ')' ':' TYPEID '{' expr '}' ';'
   10        | OBJECTID ':' TYPEID ';'
   11        | OBJECTID ':' TYPEID ASSIGN expr ';'
   12        | error '{' expr '}' ';'
   13        | error ';'

   14 formal_list: %empty
   15            | formal
   16            | formal_list ',' formal

   17 formal: OBJECTID ':' TYPEID

   18 expr: OBJECTID ASSIGN expr
   19     | expr '.' OBJECTID '(' dispatch_exprs ')'
   20     | expr '@' TYPEID '.' OBJECTID '(' dispatch_exprs ')'
   21     | OBJECTID '(' dispatch_exprs ')'
   22     | IF expr THEN expr ELSE expr FI
   23     | WHILE expr LOOP expr POOL
   24     | '{' block_exprs '}'
   25     | LET let_expr
   26     | CASE expr OF case_list ESAC
   27     | NEW TYPEID
   28     | ISVOID expr
   29     | expr '+' expr
   30     | expr '-' expr
   31     | expr '*' expr
   32     | expr '/' expr
   33     | '~' expr
   34     | expr '<' expr
   35     | expr LE expr
   36     | expr '=' expr
   37     | NOT expr
   38     | '(' expr ')'
   39     | OBJECTID
   40     | INT_CONST
   41     | STR_CONST
   42     | BOOL_CONST

   43 dispatch_exprs: %empty
   44               | expr
   45               | dispatch_exprs ',' expr

   46 block_exprs: expr ';'
   47            | block_exprs expr ';'
   48            | error ';'

   49 let_expr: OBJECTID ':' TYPEID ASSIGN expr IN expr
   50         | OBJECTID ':' TYPEID IN expr
   51         | OBJECTID ':' TYPEID ',' let_expr
   52         | OBJECTID ':' TYPEID ASSIGN expr ',' let_expr
   53         | error ',' let_expr
   54         | error IN expr

   55 case_list: case
   56          | case_list case

   57 case: OBJECTID ':' TYPEID DARROW expr ';'


Terminals, with rules where they appear

    $end (0) 0
    '(' (40) 9 19 20 21 38
    ')' (41) 9 19 20 21 38
    '*' (42) 31
    '+' (43) 29
    ',' (44) 16 45 51 52 53
    '-' (45) 30
    '.' (46) 19 20
    '/' (47) 32
    ':' (58) 9 10 11 17 49 50 51 52 57
    ';' (59) 4 5 6 9 10 11 12 13 46 47 48 57
    '<' (60) 34
    '=' (61) 36
    '@' (64) 20
    '{' (123) 4 5 9 12 24
    '}' (125) 4 5 9 12 24
    '~' (126) 33
    error (256) 6 12 13 48 53 54
    CLASS (258) 4 5
    ELSE (259) 22
    FI (260) 22
    IF (261) 22
    IN (262) 49 50 54
    INHERITS (263) 5
    LET (264) 25
    LOOP (265) 23
    POOL (266) 23
    THEN (267) 22
    WHILE (268) 23
    CASE (269) 26
    ESAC (270) 26
    OF (271) 26
    DARROW (272) 57
    NEW (273) 27
    ISVOID (274) 28
    STR_CONST <symbol> (275) 41
    INT_CONST <symbol> (276) 40
    BOOL_CONST <boolean> (277) 42
    TYPEID <symbol> (278) 4 5 9 10 11 17 20 27 49 50 51 52 57
    OBJECTID <symbol> (279) 9 10 11 17 18 19 20 21 39 49 50 51 52 57
    ASSIGN (280) 11 18 49 52
    NOT (281) 37
    LE (282) 35
    ERROR (283)


Nonterminals, with rules where they appear

    $accept (45)
        on left: 0
    program <program> (46)
        on left: 1
        on right: 0
    class_list <classes> (47)
        on left: 2 3
        on right: 1 3
    class <class_> (48)
        on left: 4 5 6
        on right: 2 3
    feature_list <features> (49)
        on left: 7 8
        on right: 4 5 8
    feature <feature> (50)
        on left: 9 10 11 12 13
        on right: 8
    formal_list <formals> (51)
        on left: 14 15 16
        on right: 9 16
    formal <formal> (52)
        on left: 17
        on right: 15 16
    expr <expression> (53)
        on left: 18 19 20 21 22 23 24 25 26 27 28 29 30 31 32 33 34 35 36 37 38 39 40 41 42
        on right: 9 11 12 18 19 20 22 23 26 28 29 30 31 32 33 34 35 36 37 38 44 45 46 47 49 50 52 54 57
    dispatch_exprs <expressions> (54)
        on left: 43 44 45
        on right: 19 20 21 45
    block_exprs <expressions> (55)
        on left: 46 47 48
        on right: 24 47
    let_expr <expression> (56)
        on left: 49 50 51 52 53 54
        on right: 25 51 52 53
    case_list <cases> (57)
        on left: 55 56
        on right: 26 56
    case <case_> (58)
        on left: 57
        on right: 55 56


State 0

    0 $accept: . program $end

    error  shift, and go to state 1
    CLASS  shift, and go to state 2

    program     go to state 3
    class_list  go to state 4
    class       go to state 5


State 1

    6 class: error . ';'

    ';'  shift, and go to state 6


State 2

    4 class: CLASS . TYPEID '{' feature_list '}' ';'
    5      | CLASS . TYPEID INHERITS TYPEID '{' feature_list '}' ';'

    TYPEID  shift, and go to state 7


State 3

    0 $accept: program . $end

    $end  shift, and go to state 8


State 4

    1 program: class_list .
    3 class_list: class_list . class

    error  shift, and go to state 1
    CLASS  shift, and go to state 2

    $end  reduce using rule 1 (program)

    class  go to state 9


State 5

    2 class_list: class .

    $default  reduce using rule 2 (class_list)


State 6

    6 class: error ';' .

    $default  reduce using rule 6 (class)


State 7

    4 class: CLASS TYPEID . '{' feature_list '}' ';'
    5      | CLASS TYPEID . INHERITS TYPEID '{' feature_list '}' ';'

    INHERITS  shift, and go to state 10
    '{'       shift, and go to state 11


State 8

    0 $accept: program $end .

    $default  accept


State 9

    3 class_list: class_list class .

    $default  reduce using rule 3 (class_list)


State 10

    5 class: CLASS TYPEID INHERITS . TYPEID '{' feature_list '}' ';'

    TYPEID  shift, and go to state 12


State 11

    4 class: CLASS TYPEID '{' . feature_list '}' ';'

    $default  reduce using rule 7 (feature_list)

    feature_list  go to state 13


State 12

    5 class: CLASS TYPEID INHERITS TYPEID . '{' feature_list '}' ';'

    '{'  shift, and go to state 14


State 13

    4 class: CLASS TYPEID '{' feature_list . '}' ';'
    8 feature_list: feature_list . feature

    error     shift, and go to state 15
    OBJECTID  shift, and go to state 16
    '}'       shift, and go to state 17

    feature  go to state 18


State 14

    5 class: CLASS TYPEID INHERITS TYPEID '{' . feature_list '}' ';'

    $default  reduce using rule 7 (feature_list)

    feature_list  go to state 19


State 15

   12 feature: error . '{' expr '}' ';'
   13        | error . ';'

    '{'  shift, and go to state 20
    ';'  shift, and go to state 21


State 16

    9 feature: OBJECTID . '(' formal_list ')' ':' TYPEID '{' expr '}' ';'
   10        | OBJECTID . ':' TYPEID ';'
   11        | OBJECTID . ':' TYPEID ASSIGN expr ';'

    '('  shift, and go to state 22
    ':'  shift, and go to state 23


State 17

    4 class: CLASS TYPEID '{' feature_list '}' . ';'

    ';'  shift, and go to state 24


State 18

    8 feature_list: feature_list feature .

    $default  reduce using rule 8 (feature_list)


State 19

    5 class: CLASS TYPEID INHERITS TYPEID '{' feature_list . '}' ';'
    8 feature_list: feature_list . feature

    error     shift, and go to state 15
    OBJECTID  shift, and go to state 16
    '}'       shift, and go to state 25

    feature  go to state 18


State 20

   12 feature: error '{' . expr '}' ';'

    IF          shift, and go to state 26
    LET         shift, and go to state 27
    WHILE       shift, and go to state 28
    CASE        shift, and go to state 29
    NEW         shift, and go to state 30
    ISVOID      shift, and go to state 31
    STR_CONST   shift, and go to state 32
    INT_CONST   shift, and go to state 33
    BOOL_CONST  shift, and go to state 34
    OBJECTID    shift, and go to state 35
    NOT         shift, and go to state 36
    '~'         shift, and go to state 37
    '{'         shift, and go to state 38
    '('         shift, and go to state 39

    expr  go to state 40


State 21

   13 feature: error ';' .

    $default  reduce using rule 13 (feature)


State 22

    9 feature: OBJECTID '(' . formal_list ')' ':' TYPEID '{' expr '}' ';'

    OBJECTID  shift, and go to state 41

    $default  reduce using rule 14 (formal_list)

    formal_list  go to state 42
    formal       go to state 43


State 23

   10 feature: OBJECTID ':' . TYPEID ';'
   11        | OBJECTID ':' . TYPEID ASSIGN expr ';'

    TYPEID  shift, and go to state 44


State 24

    4 class: CLASS TYPEID '{' feature_list '}' ';' .

    $default  reduce using rule 4 (class)


State 25

    5 class: CLASS TYPEID INHERITS TYPEID '{' feature_list '}' . ';'

    ';'  shift, and go to state 45


State 26

   22 expr: IF . expr THEN expr ELSE expr FI

    IF          shift, and go to state 26
    LET         shift, and go to state 27
    WHILE       shift, and go to state 28
    CASE        shift, and go to state 29
    NEW         shift, and go to state 30
    ISVOID      shift, and go to state 31
    STR_CONST   shift, and go to state 32
    INT_CONST   shift, and go to state 33
    BOOL_CONST  shift, and go to state 34
    OBJECTID    shift, and go to state 35
    NOT         shift, and go to state 36
    '~'         shift, and go to state 37
    '{'         shift, and go to state 38
    '('         shift, and go to state 39

    expr  go to state 46


State 27

   25 expr: LET . let_expr

    error     shift, and go to state 47
    OBJECTID  shift, and go to state 48

    let_expr  go to state 49


State 28

   23 expr: WHILE . expr LOOP expr POOL

    IF          shift, and go to state 26
    LET         shift, and go to state 27
    WHILE       shift, and go to state 28
    CASE        shift, and go to state 29
    NEW         shift, and go to state 30
    ISVOID      shift, and go to state 31
    STR_CONST   shift, and go to state 32
    INT_CONST   shift, and go to state 33
    BOOL_CONST  shift, and go to state 34
    OBJECTID    shift, and go to state 35
    NOT         shift, and go to state 36
    '~'         shift, and go to state 37
    '{'         shift, and go to state 38
    '('         shift, and go to state 39

    expr  go to state 50


State 29

   26 expr: CASE . expr OF case_list ESAC

    IF          shift, and go to state 26
    LET         shift, and go to state 27
    WHILE       shift, and go to state 28
    CASE        shift, and go to state 29
    NEW         shift, and go to state 30
    ISVOID      shift, and go to state 31
    STR_CONST   shift, and go to state 32
    INT_CONST   shift, and go to state 33
    BOOL_CONST  shift, and go to state 34
    OBJECTID    shift, and go to state 35
    NOT         shift, and go to state 36
    '~'         shift, and go to state 37
    '{'         shift, and go to state 38
    '('         shift, and go to state 39

    expr  go to state 51


State 30

   27 expr: NEW . TYPEID

    TYPEID  shift, and go to state 52


State 31

   28 expr: ISVOID . expr

    IF          shift, and go to state 26
    LET         shift, and go to state 27
    WHILE       shift, and go to state 28
    CASE        shift, and go to state 29
    NEW         shift, and go to state 30
    ISVOID      shift, and go to state 31
    STR_CONST   shift, and go to state 32
    INT_CONST   shift, and go to state 33
    BOOL_CONST  shift, and go to state 34
    OBJECTID    shift, and go to state 35
    NOT         shift, and go to state 36
    '~'         shift, and go to state 37
    '{'         shift, and go to state 38
    '('         shift, and go to state 39

    expr  go to state 53


State 32

   41 expr: STR_CONST .

    $default  reduce using rule 41 (expr)


State 33

   40 expr: INT_CONST .

    $default  reduce using rule 40 (expr)


State 34

   42 expr: BOOL_CONST .

    $default  reduce using rule 42 (expr)


State 35

   18 expr: OBJECTID . ASSIGN expr
   21     | OBJECTID . '(' dispatch_exprs ')'
   39     | OBJECTID .

    ASSIGN  shift, and go to state 54
    '('     shift, and go to state 55

    $default  reduce using rule 39 (expr)


State 36

   37 expr: NOT . expr

    IF          shift, and go to state 26
    LET         shift, and go to state 27
    WHILE       shift, and go to state 28
    CASE        shift, and go to state 29
    NEW         shift, and go to state 30
    ISVOID      shift, and go to state 31
    STR_CONST   shift, and go to state 32
    INT_CONST   shift, and go to state 33
    BOOL_CONST  shift, and go to state 34
    OBJECTID    shift, and go to state 35
    NOT         shift, and go to state 36
    '~'         shift, and go to state 37
    '{'         shift, and go to state 38
    '('         shift, and go to state 39

    expr  go to state 56


State 37

   33 expr: '~' . expr

    IF          shift, and go to state 26
    LET         shift, and go to state 27
    WHILE       shift, and go to state 28
    CASE        shift, and go to state 29
    NEW         shift, and go to state 30
    ISVOID      shift, and go to state 31
    STR_CONST   shift, and go to state 32
    INT_CONST   shift, and go to state 33
    BOOL_CONST  shift, and go to state 34
    OBJECTID    shift, and go to state 35
    NOT         shift, and go to state 36
    '~'         shift, and go to state 37
    '{'         shift, and go to state 38
    '('         shift, and go to state 39

    expr  go to state 57


State 38

   24 expr: '{' . block_exprs '}'

    error       shift, and go to state 58
    IF          shift, and go to state 26
    LET         shift, and go to state 27
    WHILE       shift, and go to state 28
    CASE        shift, and go to state 29
    NEW         shift, and go to state 30
    ISVOID      shift, and go to state 31
    STR_CONST   shift, and go to state 32
    INT_CONST   shift, and go to state 33
    BOOL_CONST  shift, and go to state 34
    OBJECTID    shift, and go to state 35
    NOT         shift, and go to state 36
    '~'         shift, and go to state 37
    '{'         shift, and go to state 38
    '('         shift, and go to state 39

    expr         go to state 59
    block_exprs  go to state 60


State 39

   38 expr: '(' . expr ')'

    IF          shift, and go to state 26
    LET         shift, and go to state 27
    WHILE       shift, and go to state 28
    CASE        shift, and go to state 29
    NEW         shift, and go to state 30
    ISVOID      shift, and go to state 31
    STR_CONST   shift, and go to state 32
    INT_CONST   shift, and go to state 33
    BOOL_CONST  shift, and go to state 34
    OBJECTID    shift, and go to state 35
    NOT         shift, and go to state 36
    '~'         shift, and go to state 37
    '{'         shift, and go to state 38
    '('         shift, and go to state 39

    expr  go to state 61


State 40

   12 feature: error '{' expr . '}' ';'
   19 expr: expr . '.' OBJECTID '(' dispatch_exprs ')'
   20     | expr . '@' TYPEID '.' OBJECTID '(' dispatch_exprs ')'
   29     | expr . '+' expr
   30     | expr . '-' expr
   31     | expr . '*' expr
   32     | expr . '/' expr
   34     | expr . '<' expr
   35     | expr . LE expr
   36     | expr . '=' expr

    LE   shift, and go to state 62
    '<'  shift, and go to state 63
    '='  shift, and go to state 64
    '+'  shift, and go to state 65
    '-'  shift, and go to state 66
    '*'  shift, and go to state 67
    '/'  shift, and go to state 68
    '@'  shift, and go to state 69
    '.'  shift, and go to state 70
    '}'  shift, and go to state 71


State 41

   17 formal: OBJECTID . ':' TYPEID

    ':'  shift, and go to state 72


State 42

    9 feature: OBJECTID '(' formal_list . ')' ':' TYPEID '{' expr '}' ';'
   16 formal_list: formal_list . ',' formal

    ')'  shift, and go to state 73
    ','  shift, and go to state 74


State 43

   15 formal_list: formal .

    $default  reduce using rule 15 (formal_list)


State 44

   10 feature: OBJECTID ':' TYPEID . ';'
   11        | OBJECTID ':' TYPEID . ASSIGN expr ';'

    ASSIGN  shift, and go to state 75
    ';'     shift, and go to state 76


State 45

    5 class: CLASS TYPEID INHERITS TYPEID '{' feature_list '}' ';' .

    $default  reduce using rule 5 (class)


State 46

   19 expr: expr . '.' OBJECTID '(' dispatch_exprs ')'
   20     | expr . '@' TYPEID '.' OBJECTID '(' dispatch_exprs ')'
   22     | IF expr . THEN expr ELSE expr FI
   29     | expr . '+' expr
   30     | expr . '-' expr
   31     | expr . '*' expr
   32     | expr . '/' expr
   34     | expr . '<' expr
   35     | expr . LE expr
   36     | expr . '=' expr

    THEN  shift, and go to state 77
    LE    shift, and go to state 62
    '<'   shift, and go to state 63
    '='   shift, and go to state 64
    '+'   shift, and go to state 65
    '-'   shift, and go to state 66
    '*'   shift, and go to state 67
    '/'   shift, and go to state 68
    '@'   shift, and go to state 69
    '.'   shift, and go to state 70


State 47

   53 let_expr: error . ',' let_expr
   54         | error . IN expr

    IN   shift, and go to state 78
    ','  shift, and go to state 79


State 48

   49 let_expr: OBJECTID . ':' TYPEID ASSIGN expr IN expr
   50         | OBJECTID . ':' TYPEID IN expr
   51         | OBJECTID . ':' TYPEID ',' let_expr
   52         | OBJECTID . ':' TYPEID ASSIGN expr ',' let_expr

    ':'  shift, and go to state 80


State 49

   25 expr: LET let_expr .

    $default  reduce using rule 25 (expr)


State 50

   19 expr: expr . '.' OBJECTID '(' dispatch_exprs ')'
   20     | expr . '@' TYPEID '.' OBJECTID '(' dispatch_exprs ')'
   23     | WHILE expr . LOOP expr POOL
   29     | expr . '+' expr
   30     | expr . '-' expr
   31     | expr . '*' expr
   32     | expr . '/' expr
   34     | expr . '<' expr
   35     | expr . LE expr
   36     | expr . '=' expr

    LOOP  shift, and go to state 81
    LE    shift, and go to state 62
    '<'   shift, and go to state 63
    '='   shift, and go to state 64
    '+'   shift, and go to state 65
    '-'   shift, and go to state 66
    '*'   shift, and go to state 67
    '/'   shift, and go to state 68
    '@'   shift, and go to state 69
    '.'   shift, and go to state 70


State 51

   19 expr: expr . '.' OBJECTID '(' dispatch_exprs ')'
   20     | expr . '@' TYPEID '.' OBJECTID '(' dispatch_exprs ')'
   26     | CASE expr . OF case_list ESAC
   29     | expr . '+' expr
   30     | expr . '-' expr
   31     | expr . '*' expr
   32     | expr . '/' expr
   34     | expr . '<' expr
   35     | expr . LE expr
   36     | expr . '=' expr

    OF   shift, and go to state 82
    LE   shift, and go to state 62
    '<'  shift, and go to state 63
    '='  shift, and go to state 64
    '+'  shift, and go to state 65
    '-'  shift, and go to state 66
    '*'  shift, and go to state 67
    '/'  shift, and go to state 68
    '@'  shift, and go to state 69
    '.'  shift, and go to state 70


State 52

   27 expr: NEW TYPEID .

    $default  reduce using rule 27 (expr)


State 53

   19 expr: expr . '.' OBJECTID '(' dispatch_exprs ')'
   20     | expr . '@' TYPEID '.' OBJECTID '(' dispatch_exprs ')'
   28     | ISVOID expr .
   29     | expr . '+' expr
   30     | expr . '-' expr
   31     | expr . '*' expr
   32     | expr . '/' expr
   34     | expr . '<' expr
   35     | expr . LE expr
   36     | expr . '=' expr

    '@'  shift, and go to state 69
    '.'  shift, and go to state 70

    $default  reduce using rule 28 (expr)


State 54

   18 expr: OBJECTID ASSIGN . expr

    IF          shift, and go to state 26
    LET         shift, and go to state 27
    WHILE       shift, and go to state 28
    CASE        shift, and go to state 29
    NEW         shift, and go to state 30
    ISVOID      shift, and go to state 31
    STR_CONST   shift, and go to state 32
    INT_CONST   shift, and go to state 33
    BOOL_CONST  shift, and go to state 34
    OBJECTID    shift, and go to state 35
    NOT         shift, and go to state 36
    '~'         shift, and go to state 37
    '{'         shift, and go to state 38
    '('         shift, and go to state 39

    expr  go to state 83


State 55

   21 expr: OBJECTID '(' . dispatch_exprs ')'

    IF          shift, and go to state 26
    LET         shift, and go to state 27
    WHILE       shift, and go to state 28
    CASE        shift, and go to state 29
    NEW         shift, and go to state 30
    ISVOID      shift, and go to state 31
    STR_CONST   shift, and go to state 32
    INT_CONST   shift, and go to state 33
    BOOL_CONST  shift, and go to state 34
    OBJECTID    shift, and go to state 35
    NOT         shift, and go to state 36
    '~'         shift, and go to state 37
    '{'         shift, and go to state 38
    '('         shift, and go to state 39

    $default  reduce using rule 43 (dispatch_exprs)

    expr            go to state 84
    dispatch_exprs  go to state 85


State 56

   19 expr: expr . '.' OBJECTID '(' dispatch_exprs ')'
   20     | expr . '@' TYPEID '.' OBJECTID '(' dispatch_exprs ')'
   29     | expr . '+' expr
   30     | expr . '-' expr
   31     | expr . '*' expr
   32     | expr . '/' expr
   34     | expr . '<' expr
   35     | expr . LE expr
   36     | expr . '=' expr
   37     | NOT expr .

    LE   shift, and go to state 62
    '<'  shift, and go to state 63
    '='  shift, and go to state 64
    '+'  shift, and go to state 65
    '-'  shift, and go to state 66
    '*'  shift, and go to state 67
    '/'  shift, and go to state 68
    '@'  shift, and go to state 69
    '.'  shift, and go to state 70

    $default  reduce using rule 37 (expr)


State 57

   19 expr: expr . '.' OBJECTID '(' dispatch_exprs ')'
   20     | expr . '@' TYPEID '.' OBJECTID '(' dispatch_exprs ')'
   29     | expr . '+' expr
   30     | expr . '-' expr
   31     | expr . '*' expr
   32     | expr . '/' expr
   33     | '~' expr .
   34     | expr . '<' expr
   35     | expr . LE expr
   36     | expr . '=' expr

    '@'  shift, and go to state 69
    '.'  shift, and go to state 70

    $default  reduce using rule 33 (expr)


State 58

   48 block_exprs: error . ';'

    ';'  shift, and go to state 86


State 59

   19 expr: expr . '.' OBJECTID '(' dispatch_exprs ')'
   20     | expr . '@' TYPEID '.' OBJECTID '(' dispatch_exprs ')'
   29     | expr . '+' expr
   30     | expr . '-' expr
   31     | expr . '*' expr
   32     | expr . '/' expr
   34     | expr . '<' expr
   35     | expr . LE expr
   36     | expr . '=' expr
   46 block_exprs: expr . ';'

    LE   shift, and go to state 62
    '<'  shift, and go to state 63
    '='  shift, and go to state 64
    '+'  shift, and go to state 65
    '-'  shift, and go to state 66
    '*'  shift, and go to state 67
    '/'  shift, and go to state 68
    '@'  shift, and go to state 69
    '.'  shift, and go to state 70
    ';'  shift, and go to state 87


State 60

   24 expr: '{' block_exprs . '}'
   47 block_exprs: block_exprs . expr ';'

    IF          shift, and go to state 26
    LET         shift, and go to state 27
    WHILE       shift, and go to state 28
    CASE        shift, and go to state 29
    NEW         shift, and go to state 30
    ISVOID      shift, and go to state 31
    STR_CONST   shift, and go to state 32
    INT_CONST   shift, and go to state 33
    BOOL_CONST  shift, and go to state 34
    OBJECTID    shift, and go to state 35
    NOT         shift, and go to state 36
    '~'         shift, and go to state 37
    '{'         shift, and go to state 38
    '}'         shift, and go to state 88
    '('         shift, and go to state 39

    expr  go to state 89


State 61

   19 expr: expr . '.' OBJECTID '(' dispatch_exprs ')'
   20     | expr . '@' TYPEID '.' OBJECTID '(' dispatch_exprs ')'
   29     | expr . '+' expr
   30     | expr . '-' expr
   31     | expr . '*' expr
   32     | expr . '/' expr
   34     | expr . '<' expr
   35     | expr . LE expr
   36     | expr . '=' expr
   38     | '(' expr . ')'

    LE   shift, and go to state 62
    '<'  shift, and go to state 63
    '='  shift, and go to state 64
    '+'  shift, and go to state 65
    '-'  shift, and go to state 66
    '*'  shift, and go to state 67
    '/'  shift, and go to state 68
    '@'  shift, and go to state 69
    '.'  shift, and go to state 70
    ')'  shift, and go to state 90


State 62

   35 expr: expr LE . expr

    IF          shift, and go to state 26
    LET         shift, and go to state 27
    WHILE       shift, and go to state 28
    CASE        shift, and go to state 29
    NEW         shift, and go to state 30
    ISVOID      shift, and go to state 31
    STR_CONST   shift, and go to state 32
    INT_CONST   shift, and go to state 33
    BOOL_CONST  shift, and go to state 34
    OBJECTID    shift, and go to state 35
    NOT         shift, and go to state 36
    '~'         shift, and go to state 37
    '{'         shift, and go to state 38
    '('         shift, and go to state 39

    expr  go to state 91


State 63

   34 expr: expr '<' . expr

    IF          shift, and go to state 26
    LET         shift, and go to state 27
    WHILE       shift, and go to state 28
    CASE        shift, and go to state 29
    NEW         shift, and go to state 30
    ISVOID      shift, and go to state 31
    STR_CONST   shift, and go to state 32
    INT_CONST   shift, and go to state 33
    BOOL_CONST  shift, and go to state 34
    OBJECTID    shift, and go to state 35
    NOT         shift, and go to state 36
    '~'         shift, and go to state 37
    '{'         shift, and go to state 38
    '('         shift, and go to state 39

    expr  go to state 92


State 64

   36 expr: expr '=' . expr

    IF          shift, and go to state 26
    LET         shift, and go to state 27
    WHILE       shift, and go to state 28
    CASE        shift, and go to state 29
    NEW         shift, and go to state 30
    ISVOID      shift, and go to state 31
    STR_CONST   shift, and go to state 32
    INT_CONST   shift, and go to state 33
    BOOL_CONST  shift, and go to state 34
    OBJECTID    shift, and go to state 35
    NOT         shift, and go to state 36
    '~'         shift, and go to state 37
    '{'         shift, and go to state 38
    '('         shift, and go to state 39

    expr  go to state 93


State 65

   29 expr: expr '+' . expr

    IF          shift, and go to state 26
    LET         shift, and go to state 27
    WHILE       shift, and go to state 28
    CASE        shift, and go to state 29
    NEW         shift, and go to state 30
    ISVOID      shift, and go to state 31
    STR_CONST   shift, and go to state 32
    INT_CONST   shift, and go to state 33
    BOOL_CONST  shift, and go to state 34
    OBJECTID    shift, and go to state 35
    NOT         shift, and go to state 36
    '~'         shift, and go to state 37
    '{'         shift, and go to state 38
    '('         shift, and go to state 39

    expr  go to state 94


State 66

   30 expr: expr '-' . expr

    IF          shift, and go to state 26
    LET         shift, and go to state 27
    WHILE       shift, and go to state 28
    CASE        shift, and go to state 29
    NEW         shift, and go to state 30
    ISVOID      shift, and go to state 31
    STR_CONST   shift, and go to state 32
    INT_CONST   shift, and go to state 33
    BOOL_CONST  shift, and go to state 34
    OBJECTID    shift, and go to state 35
    NOT         shift, and go to state 36
    '~'         shift, and go to state 37
    '{'         shift, and go to state 38
    '('         shift, and go to state 39

    expr  go to state 95


State 67

   31 expr: expr '*' . expr

    IF          shift, and go to state 26
    LET         shift, and go to state 27
    WHILE       shift, and go to state 28
    CASE        shift, and go to state 29
    NEW         shift, and go to state 30
    ISVOID      shift, and go to state 31
    STR_CONST   shift, and go to state 32
    INT_CONST   shift, and go to state 33
    BOOL_CONST  shift, and go to state 34
    OBJECTID    shift, and go to state 35
    NOT         shift, and go to state 36
    '~'         shift, and go to state 37
    '{'         shift, and go to state 38
    '('         shift, and go to state 39

    expr  go to state 96


State 68

   32 expr: expr '/' . expr

    IF          shift, and go to state 26
    LET         shift, and go to state 27
    WHILE       shift, and go to state 28
    CASE        shift, and go to state 29
    NEW         shift, and go to state 30
    ISVOID      shift, and go to state 31
    STR_CONST   shift, and go to state 32
    INT_CONST   shift, and go to state 33
    BOOL_CONST  shift, and go to state 34
    OBJECTID    shift, and go to state 35
    NOT         shift, and go to state 36
    '~'         shift, and go to state 37
    '{'         shift, and go to state 38
    '('         shift, and go to state 39

    expr  go to state 97


State 69

   20 expr: expr '@' . TYPEID '.' OBJECTID '(' dispatch_exprs ')'

    TYPEID  shift, and go to state 98


State 70

   19 expr: expr '.' . OBJECTID '(' dispatch_exprs ')'

    OBJECTID  shift, and go to state 99


State 71

   12 feature: error '{' expr '}' . ';'

    ';'  shift, and go to state 100


State 72

   17 formal: OBJECTID ':' . TYPEID

    TYPEID  shift, and go to state 101


State 73

    9 feature: OBJECTID '(' formal_list ')' . ':' TYPEID '{' expr '}' ';'

    ':'  shift, and go to state 102


State 74

   16 formal_list: formal_list ',' . formal

    OBJECTID  shift, and go to state 41

    formal  go to state 103


State 75

   11 feature: OBJECTID ':' TYPEID ASSIGN . expr ';'

    IF          shift, and go to state 26
    LET         shift, and go to state 27
    WHILE       shift, and go to state 28
    CASE        shift, and go to state 29
    NEW         shift, and go to state 30
    ISVOID      shift, and go to state 31
    STR_CONST   shift, and go to state 32
    INT_CONST   shift, and go to state 33
    BOOL_CONST  shift, and go to state 34
    OBJECTID    shift, and go to state 35
    NOT         shift, and go to state 36
    '~'         shift, and go to state 37
    '{'         shift, and go to state 38
    '('         shift, and go to state 39

    expr  go to state 104


State 76

   10 feature: OBJECTID ':' TYPEID ';' .

    $default  reduce using rule 10 (feature)


State 77

   22 expr: IF expr THEN . expr ELSE expr FI

    IF          shift, and go to state 26
    LET         shift, and go to state 27
    WHILE       shift, and go to state 28
    CASE        shift, and go to state 29
    NEW         shift, and go to state 30
    ISVOID      shift, and go to state 31
    STR_CONST   shift, and go to state 32
    INT_CONST   shift, and go to state 33
    BOOL_CONST  shift, and go to state 34
    OBJECTID    shift, and go to state 35
    NOT         shift, and go to state 36
    '~'         shift, and go to state 37
    '{'         shift, and go to state 38
    '('         shift, and go to state 39

    expr  go to state 105


State 78

   54 let_expr: error IN . expr

    IF          shift, and go to state 26
    LET         shift, and go to state 27
    WHILE       shift, and go to state 28
    CASE        shift, and go to state 29
    NEW         shift, and go to state 30
    ISVOID      shift, and go to state 31
    STR_CONST   shift, and go to state 32
    INT_CONST   shift, and go to state 33
    BOOL_CONST  shift, and go to state 34
    OBJECTID    shift, and go to state 35
    NOT         shift, and go to state 36
    '~'         shift, and go to state 37
    '{'         shift, and go to state 38
    '('         shift, and go to state 39

    expr  go to state 106


State 79

   53 let_expr: error ',' . let_expr

    error     shift, and go to state 47
    OBJECTID  shift, and go to state 48

    let_expr  go to state 107


State 80

   49 let_expr: OBJECTID ':' . TYPEID ASSIGN expr IN expr
   50         | OBJECTID ':' . TYPEID IN expr
   51         | OBJECTID ':' . TYPEID ',' let_expr
   52         | OBJECTID ':' . TYPEID ASSIGN expr ',' let_expr

    TYPEID  shift, and go to state 108


State 81

   23 expr: WHILE expr LOOP . expr POOL

    IF          shift, and go to state 26
    LET         shift, and go to state 27
    WHILE       shift, and go to state 28
    CASE        shift, and go to state 29
    NEW         shift, and go to state 30
    ISVOID      shift, and go to state 31
    STR_CONST   shift, and go to state 32
    INT_CONST   shift, and go to state 33
    BOOL_CONST  shift, and go to state 34
    OBJECTID    shift, and go to state 35
    NOT         shift, and go to state 36
    '~'         shift, and go to state 37
    '{'         shift, and go to state 38
    '('         shift, and go to state 39

    expr  go to state 109


State 82

   26 expr: CASE expr OF . case_list ESAC

    OBJECTID  shift, and go to state 110

    case_list  go to state 111
    case       go to state 112


State 83

   18 expr: OBJECTID ASSIGN expr .
   19     | expr . '.' OBJECTID '(' dispatch_exprs ')'
   20     | expr . '@' TYPEID '.' OBJECTID '(' dispatch_exprs ')'
   29     | expr . '+' expr
   30     | expr . '-' expr
   31     | expr . '*' expr
   32     | expr . '/' expr
   34     | expr . '<' expr
   35     | expr . LE expr
   36     | expr . '=' expr

    LE   shift, and go to state 62
    '<'  shift, and go to state 63
    '='  shift, and go to state 64
    '+'  shift, and go to state 65
    '-'  shift, and go to state 66
    '*'  shift, and go to state 67
    '/'  shift, and go to state 68
    '@'  shift, and go to state 69
    '.'  shift, and go to state 70

    $default  reduce using rule 18 (expr)


State 84

   19 expr: expr . '.' OBJECTID '(' dispatch_exprs ')'
   20     | expr . '@' TYPEID '.' OBJECTID '(' dispatch_exprs ')'
   29     | expr . '+' expr
   30     | expr . '-' expr
   31     | expr . '*' expr
   32     | expr . '/' expr
   34     | expr . '<' expr
   35     | expr . LE expr
   36     | expr . '=' expr
   44 dispatch_exprs: expr .

    LE   shift, and go to state 62
    '<'  shift, and go to state 63
    '='  shift, and go to state 64
    '+'  shift, and go to state 65
    '-'  shift, and go to state 66
    '*'  shift, and go to state 67
    '/'  shift, and go to state 68
    '@'  shift, and go to state 69
    '.'  shift, and go to state 70

    $default  reduce using rule 44 (dispatch_exprs)


State 85

   21 expr: OBJECTID '(' dispatch_exprs . ')'
   45 dispatch_exprs: dispatch_exprs . ',' expr

    ')'  shift, and go to state 113
    ','  shift, and go to state 114


State 86

   48 block_exprs: error ';' .

    $default  reduce using rule 48 (block_exprs)


State 87

   46 block_exprs: expr ';' .

    $default  reduce using rule 46 (block_exprs)


State 88

   24 expr: '{' block_exprs '}' .

    $default  reduce using rule 24 (expr)


State 89

   19 expr: expr . '.' OBJECTID '(' dispatch_exprs ')'
   20     | expr . '@' TYPEID '.' OBJECTID '(' dispatch_exprs ')'
   29     | expr . '+' expr
   30     | expr . '-' expr
   31     | expr . '*' expr
   32     | expr . '/' expr
   34     | expr . '<' expr
   35     | expr . LE expr
   36     | expr . '=' expr
   47 block_exprs: block_exprs expr . ';'

    LE   shift, and go to state 62
    '<'  shift, and go to state 63
    '='  shift, and go to state 64
    '+'  shift, and go to state 65
    '-'  shift, and go to state 66
    '*'  shift, and go to state 67
    '/'  shift, and go to state 68
    '@'  shift, and go to state 69
    '.'  shift, and go to state 70
    ';'  shift, and go to state 115


State 90

   38 expr: '(' expr ')' .

    $default  reduce using rule 38 (expr)


State 91

   19 expr: expr . '.' OBJECTID '(' dispatch_exprs ')'
   20     | expr . '@' TYPEID '.' OBJECTID '(' dispatch_exprs ')'
   29     | expr . '+' expr
   30     | expr . '-' expr
   31     | expr . '*' expr
   32     | expr . '/' expr
   34     | expr . '<' expr
   35     | expr . LE expr
   35     | expr LE expr .
   36     | expr . '=' expr

    '+'  shift, and go to state 65
    '-'  shift, and go to state 66
    '*'  shift, and go to state 67
    '/'  shift, and go to state 68
    '@'  shift, and go to state 69
    '.'  shift, and go to state 70

    LE   error (nonassociative)
    '<'  error (nonassociative)
    '='  error (nonassociative)

    $default  reduce using rule 35 (expr)


State 92

   19 expr: expr . '.' OBJECTID '(' dispatch_exprs ')'
   20     | expr . '@' TYPEID '.' OBJECTID '(' dispatch_exprs ')'
   29     | expr . '+' expr
   30     | expr . '-' expr
   31     | expr . '*' expr
   32     | expr . '/' expr
   34     | expr . '<' expr
   34     | expr '<' expr .
   35     | expr . LE expr
   36     | expr . '=' expr

    '+'  shift, and go to state 65
    '-'  shift, and go to state 66
    '*'  shift, and go to state 67
    '/'  shift, and go to state 68
    '@'  shift, and go to state 69
    '.'  shift, and go to state 70

    LE   error (nonassociative)
    '<'  error (nonassociative)
    '='  error (nonassociative)

    $default  reduce using rule 34 (expr)


State 93

   19 expr: expr . '.' OBJECTID '(' dispatch_exprs ')'
   20     | expr . '@' TYPEID '.' OBJECTID '(' dispatch_exprs ')'
   29     | expr . '+' expr
   30     | expr . '-' expr
   31     | expr . '*' expr
   32     | expr . '/' expr
   34     | expr . '<' expr
   35     | expr . LE expr
   36     | expr . '=' expr
   36     | expr '=' expr .

    '+'  shift, and go to state 65
    '-'  shift, and go to state 66
    '*'  shift, and go to state 67
    '/'  shift, and go to state 68
    '@'  shift, and go to state 69
    '.'  shift, and go to state 70

    LE   error (nonassociative)
    '<'  error (nonassociative)
    '='  error (nonassociative)

    $default  reduce using rule 36 (expr)


State 94

   19 expr: expr . '.' OBJECTID '(' dispatch_exprs ')'
   20     | expr . '@' TYPEID '.' OBJECTID '(' dispatch_exprs ')'
   29     | expr . '+' expr
   29     | expr '+' expr .
   30     | expr . '-' expr
   31     | expr . '*' expr
   32     | expr . '/' expr
   34     | expr . '<' expr
   35     | expr . LE expr
   36     | expr . '=' expr

    '*'  shift, and go to state 67
    '/'  shift, and go to state 68
    '@'  shift, and go to state 69
    '.'  shift, and go to state 70

    $default  reduce using rule 29 (expr)


State 95

   19 expr: expr . '.' OBJECTID '(' dispatch_exprs ')'
   20     | expr . '@' TYPEID '.' OBJECTID '(' dispatch_exprs ')'
   29     | expr . '+' expr
   30     | expr . '-' expr
   30     | expr '-' expr .
   31     | expr . '*' expr
   32     | expr . '/' expr
   34     | expr . '<' expr
   35     | expr . LE expr
   36     | expr . '=' expr

    '*'  shift, and go to state 67
    '/'  shift, and go to state 68
    '@'  shift, and go to state 69
    '.'  shift, and go to state 70

    $default  reduce using rule 30 (expr)


State 96

   19 expr: expr . '.' OBJECTID '(' dispatch_exprs ')'
   20     | expr . '@' TYPEID '.' OBJECTID '(' dispatch_exprs ')'
   29     | expr . '+' expr
   30     | expr . '-' expr
   31     | expr . '*' expr
   31     | expr '*' expr .
   32     | expr . '/' expr
   34     | expr . '<' expr
   35     | expr . LE expr
   36     | expr . '=' expr

    '@'  shift, and go to state 69
    '.'  shift, and go to state 70

    $default  reduce using rule 31 (expr)


State 97

   19 expr: expr . '.' OBJECTID '(' dispatch_exprs ')'
   20     | expr . '@' TYPEID '.' OBJECTID '(' dispatch_exprs ')'
   29     | expr . '+' expr
   30     | expr . '-' expr
   31     | expr . '*' expr
   32     | expr . '/' expr
   32     | expr '/' expr .
   34     | expr . '<' expr
   35     | expr . LE expr
   36     | expr . '=' expr

    '@'  shift, and go to state 69
    '.'  shift, and go to state 70

    $default  reduce using rule 32 (expr)


State 98

   20 expr: expr '@' TYPEID . '.' OBJECTID '(' dispatch_exprs ')'

    '.'  shift, and go to state 116


State 99

   19 expr: expr '.' OBJECTID . '(' dispatch_exprs ')'

    '('  shift, and go to state 117


State 100

   12 feature: error '{' expr '}' ';' .

    $default  reduce using rule 12 (feature)


State 101

   17 formal: OBJECTID ':' TYPEID .

    $default  reduce using rule 17 (formal)


State 102

    9 feature: OBJECTID '(' formal_list ')' ':' . TYPEID '{' expr '}' ';'

    TYPEID  shift, and go to state 118


State 103

   16 formal_list: formal_list ',' formal .

    $default  reduce using rule 16 (formal_list)


State 104

   11 feature: OBJECTID ':' TYPEID ASSIGN expr . ';'
   19 expr: expr . '.' OBJECTID '(' dispatch_exprs ')'
   20     | expr . '@' TYPEID '.' OBJECTID '(' dispatch_exprs ')'
   29     | expr . '+' expr
   30     | expr . '-' expr
   31     | expr . '*' expr
   32     | expr . '/' expr
   34     | expr . '<' expr
   35     | expr . LE expr
   36     | expr . '=' expr

    LE   shift, and go to state 62
    '<'  shift, and go to state 63
    '='  shift, and go to state 64
    '+'  shift, and go to state 65
    '-'  shift, and go to state 66
    '*'  shift, and go to state 67
    '/'  shift, and go to state 68
    '@'  shift, and go to state 69
    '.'  shift, and go to state 70
    ';'  shift, and go to state 119


State 105

   19 expr: expr . '.' OBJECTID '(' dispatch_exprs ')'
   20     | expr . '@' TYPEID '.' OBJECTID '(' dispatch_exprs ')'
   22     | IF expr THEN expr . ELSE expr FI
   29     | expr . '+' expr
   30     | expr . '-' expr
   31     | expr . '*' expr
   32     | expr . '/' expr
   34     | expr . '<' expr
   35     | expr . LE expr
   36     | expr . '=' expr

    ELSE  shift, and go to state 120
    LE    shift, and go to state 62
    '<'   shift, and go to state 63
    '='   shift, and go to state 64
    '+'   shift, and go to state 65
    '-'   shift, and go to state 66
    '*'   shift, and go to state 67
    '/'   shift, and go to state 68
    '@'   shift, and go to state 69
    '.'   shift, and go to state 70


State 106

   19 expr: expr . '.' OBJECTID '(' dispatch_exprs ')'
   20     | expr . '@' TYPEID '.' OBJECTID '(' dispatch_exprs ')'
   29     | expr . '+' expr
   30     | expr . '-' expr
   31     | expr . '*' expr
   32     | expr . '/' expr
   34     | expr . '<' expr
   35     | expr . LE expr
   36     | expr . '=' expr
   54 let_expr: error IN expr .

    LE   shift, and go to state 62
    '<'  shift, and go to state 63
    '='  shift, and go to state 64
    '+'  shift, and go to state 65
    '-'  shift, and go to state 66
    '*'  shift, and go to state 67
    '/'  shift, and go to state 68
    '@'  shift, and go to state 69
    '.'  shift, and go to state 70

    $default  reduce using rule 54 (let_expr)


State 107

   53 let_expr: error ',' let_expr .

    $default  reduce using rule 53 (let_expr)


State 108

   49 let_expr: OBJECTID ':' TYPEID . ASSIGN expr IN expr
   50         | OBJECTID ':' TYPEID . IN expr
   51         | OBJECTID ':' TYPEID . ',' let_expr
   52         | OBJECTID ':' TYPEID . ASSIGN expr ',' let_expr

    IN      shift, and go to state 121
    ASSIGN  shift, and go to state 122
    ','     shift, and go to state 123


State 109

   19 expr: expr . '.' OBJECTID '(' dispatch_exprs ')'
   20     | expr . '@' TYPEID '.' OBJECTID '(' dispatch_exprs ')'
   23     | WHILE expr LOOP expr . POOL
   29     | expr . '+' expr
   30     | expr . '-' expr
   31     | expr . '*' expr
   32     | expr . '/' expr
   34     | expr . '<' expr
   35     | expr . LE expr
   36     | expr . '=' expr

    POOL  shift, and go to state 124
    LE    shift, and go to state 62
    '<'   shift, and go to state 63
    '='   shift, and go to state 64
    '+'   shift, and go to state 65
    '-'   shift, and go to state 66
    '*'   shift, and go to state 67
    '/'   shift, and go to state 68
    '@'   shift, and go to state 69
    '.'   shift, and go to state 70


State 110

   57 case: OBJECTID . ':' TYPEID DARROW expr ';'

    ':'  shift, and go to state 125


State 111

   26 expr: CASE expr OF case_list . ESAC
   56 case_list: case_list . case

    ESAC      shift, and go to state 126
    OBJECTID  shift, and go to state 110

    case  go to state 127


State 112

   55 case_list: case .

    $default  reduce using rule 55 (case_list)


State 113

   21 expr: OBJECTID '(' dispatch_exprs ')' .

    $default  reduce using rule 21 (expr)


State 114

   45 dispatch_exprs: dispatch_exprs ',' . expr

    IF          shift, and go to state 26
    LET         shift, and go to state 27
    WHILE       shift, and go to state 28
    CASE        shift, and go to state 29
    NEW         shift, and go to state 30
    ISVOID      shift, and go to state 31
    STR_CONST   shift, and go to state 32
    INT_CONST   shift, and go to state 33
    BOOL_CONST  shift, and go to state 34
    OBJECTID    shift, and go to state 35
    NOT         shift, and go to state 36
    '~'         shift, and go to state 37
    '{'         shift, and go to state 38
    '('         shift, and go to state 39

    expr  go to state 128


State 115

   47 block_exprs: block_exprs expr ';' .

    $default  reduce using rule 47 (block_exprs)


State 116

   20 expr: expr '@' TYPEID '.' . OBJECTID '(' dispatch_exprs ')'

    OBJECTID  shift, and go to state 129


State 117

   19 expr: expr '.' OBJECTID '(' . dispatch_exprs ')'

    IF          shift, and go to state 26
    LET         shift, and go to state 27
    WHILE       shift, and go to state 28
    CASE        shift, and go to state 29
    NEW         shift, and go to state 30
    ISVOID      shift, and go to state 31
    STR_CONST   shift, and go to state 32
    INT_CONST   shift, and go to state 33
    BOOL_CONST  shift, and go to state 34
    OBJECTID    shift, and go to state 35
    NOT         shift, and go to state 36
    '~'         shift, and go to state 37
    '{'         shift, and go to state 38
    '('         shift, and go to state 39

    $default  reduce using rule 43 (dispatch_exprs)

    expr            go to state 84
    dispatch_exprs  go to state 130


State 118

    9 feature: OBJECTID '(' formal_list ')' ':' TYPEID . '{' expr '}' ';'

    '{'  shift, and go to state 131


State 119

   11 feature: OBJECTID ':' TYPEID ASSIGN expr ';' .

    $default  reduce using rule 11 (feature)


State 120

   22 expr: IF expr THEN expr ELSE . expr FI

    IF          shift, and go to state 26
    LET         shift, and go to state 27
    WHILE       shift, and go to state 28
    CASE        shift, and go to state 29
    NEW         shift, and go to state 30
    ISVOID      shift, and go to state 31
    STR_CONST   shift, and go to state 32
    INT_CONST   shift, and go to state 33
    BOOL_CONST  shift, and go to state 34
    OBJECTID    shift, and go to state 35
    NOT         shift, and go to state 36
    '~'         shift, and go to state 37
    '{'         shift, and go to state 38
    '('         shift, and go to state 39

    expr  go to state 132


State 121

   50 let_expr: OBJECTID ':' TYPEID IN . expr

    IF          shift, and go to state 26
    LET         shift, and go to state 27
    WHILE       shift, and go to state 28
    CASE        shift, and go to state 29
    NEW         shift, and go to state 30
    ISVOID      shift, and go to state 31
    STR_CONST   shift, and go to state 32
    INT_CONST   shift, and go to state 33
    BOOL_CONST  shift, and go to state 34
    OBJECTID    shift, and go to state 35
    NOT         shift, and go to state 36
    '~'         shift, and go to state 37
    '{'         shift, and go to state 38
    '('         shift, and go to state 39

    expr  go to state 133


State 122

   49 let_expr: OBJECTID ':' TYPEID ASSIGN . expr IN expr
   52         | OBJECTID ':' TYPEID ASSIGN . expr ',' let_expr

    IF          shift, and go to state 26
    LET         shift, and go to state 27
    WHILE       shift, and go to state 28
    CASE        shift, and go to state 29
    NEW         shift, and go to state 30
    ISVOID      shift, and go to state 31
    STR_CONST   shift, and go to state 32
    INT_CONST   shift, and go to state 33
    BOOL_CONST  shift, and go to state 34
    OBJECTID    shift, and go to state 35
    NOT         shift, and go to state 36
    '~'         shift, and go to state 37
    '{'         shift, and go to state 38
    '('         shift, and go to state 39

    expr  go to state 134


State 123

   51 let_expr: OBJECTID ':' TYPEID ',' . let_expr

    error     shift, and go to state 47
    OBJECTID  shift, and go to state 48

    let_expr  go to state 135


State 124

   23 expr: WHILE expr LOOP expr POOL .

    $default  reduce using rule 23 (expr)


State 125

   57 case: OBJECTID ':' . TYPEID DARROW expr ';'

    TYPEID  shift, and go to state 136


State 126

   26 expr: CASE expr OF case_list ESAC .

    $default  reduce using rule 26 (expr)


State 127

   56 case_list: case_list case .

    $default  reduce using rule 56 (case_list)


State 128

   19 expr: expr . '.' OBJECTID '(' dispatch_exprs ')'
   20     | expr . '@' TYPEID '.' OBJECTID '(' dispatch_exprs ')'
   29     | expr . '+' expr
   30     | expr . '-' expr
   31     | expr . '*' expr
   32     | expr . '/' expr
   34     | expr . '<' expr
   35     | expr . LE expr
   36     | expr . '=' expr
   45 dispatch_exprs: dispatch_exprs ',' expr .

    LE   shift, and go to state 62
    '<'  shift, and go to state 63
    '='  shift, and go to state 64
    '+'  shift, and go to state 65
    '-'  shift, and go to state 66
    '*'  shift, and go to state 67
    '/'  shift, and go to state 68
    '@'  shift, and go to state 69
    '.'  shift, and go to state 70

    $default  reduce using rule 45 (dispatch_exprs)


State 129

   20 expr: expr '@' TYPEID '.' OBJECTID . '(' dispatch_exprs ')'

    '('  shift, and go to state 137


State 130

   19 expr: expr '.' OBJECTID '(' dispatch_exprs . ')'
   45 dispatch_exprs: dispatch_exprs . ',' expr

    ')'  shift, and go to state 138
    ','  shift, and go to state 114


State 131

    9 feature: OBJECTID '(' formal_list ')' ':' TYPEID '{' . expr '}' ';'

    IF          shift, and go to state 26
    LET         shift, and go to state 27
    WHILE       shift, and go to state 28
    CASE        shift, and go to state 29
    NEW         shift, and go to state 30
    ISVOID      shift, and go to state 31
    STR_CONST   shift, and go to state 32
    INT_CONST   shift, and go to state 33
    BOOL_CONST  shift, and go to state 34
    OBJECTID    shift, and go to state 35
    NOT         shift, and go to state 36
    '~'         shift, and go to state 37
    '{'         shift, and go to state 38
    '('         shift, and go to state 39

    expr  go to state 139


State 132

   19 expr: expr . '.' OBJECTID '(' dispatch_exprs ')'
   20     | expr . '@' TYPEID '.' OBJECTID '(' dispatch_exprs ')'
   22     | IF expr THEN expr ELSE expr . FI
   29     | expr . '+' expr
   30     | expr . '-' expr
   31     | expr . '*' expr
   32     | expr . '/' expr
   34     | expr . '<' expr
   35     | expr . LE expr
   36     | expr . '=' expr

    FI   shift, and go to state 140
    LE   shift, and go to state 62
    '<'  shift, and go to state 63
    '='  shift, and go to state 64
    '+'  shift, and go to state 65
    '-'  shift, and go to state 66
    '*'  shift, and go to state 67
    '/'  shift, and go to state 68
    '@'  shift, and go to state 69
    '.'  shift, and go to state 70


State 133

   19 expr: expr . '.' OBJECTID '(' dispatch_exprs ')'
   20     | expr . '@' TYPEID '.' OBJECTID '(' dispatch_exprs ')'
   29     | expr . '+' expr
   30     | expr . '-' expr
   31     | expr . '*' expr
   32     | expr . '/' expr
   34     | expr . '<' expr
   35     | expr . LE expr
   36     | expr . '=' expr
   50 let_expr: OBJECTID ':' TYPEID IN expr .

    LE   shift, and go to state 62
    '<'  shift, and go to state 63
    '='  shift, and go to state 64
    '+'  shift, and go to state 65
    '-'  shift, and go to state 66
    '*'  shift, and go to state 67
    '/'  shift, and go to state 68
    '@'  shift, and go to state 69
    '.'  shift, and go to state 70

    $default  reduce using rule 50 (let_expr)


State 134

   19 expr: expr . '.' OBJECTID '(' dispatch_exprs ')'
   20     | expr . '@' TYPEID '.' OBJECTID '(' dispatch_exprs ')'
   29     | expr . '+' expr
   30     | expr . '-' expr
   31     | expr . '*' expr
   32     | expr . '/' expr
   34     | expr . '<' expr
   35     | expr . LE expr
   36     | expr . '=' expr
   49 let_expr: OBJECTID ':' TYPEID ASSIGN expr . IN expr
   52         | OBJECTID ':' TYPEID ASSIGN expr . ',' let_expr

    IN   shift, and go to state 141
    LE   shift, and go to state 62
    '<'  shift, and go to state 63
    '='  shift, and go to state 64
    '+'  shift, and go to state 65
    '-'  shift, and go to state 66
    '*'  shift, and go to state 67
    '/'  shift, and go to state 68
    '@'  shift, and go to state 69
    '.'  shift, and go to state 70
    ','  shift, and go to state 142


State 135

   51 let_expr: OBJECTID ':' TYPEID ',' let_expr .

    $default  reduce using rule 51 (let_expr)


State 136

   57 case: OBJECTID ':' TYPEID . DARROW expr ';'

    DARROW  shift, and go to state 143


State 137

   20 expr: expr '@' TYPEID '.' OBJECTID '(' . dispatch_exprs ')'

    IF          shift, and go to state 26
    LET         shift, and go to state 27
    WHILE       shift, and go to state 28
    CASE        shift, and go to state 29
    NEW         shift, and go to state 30
    ISVOID      shift, and go to state 31
    STR_CONST   shift, and go to state 32
    INT_CONST   shift, and go to state 33
    BOOL_CONST  shift, and go to state 34
    OBJECTID    shift, and go to state 35
    NOT         shift, and go to state 36
    '~'         shift, and go to state 37
    '{'         shift, and go to state 38
    '('         shift, and go to state 39

    $default  reduce using rule 43 (dispatch_exprs)

    expr            go to state 84
    dispatch_exprs  go to state 144


State 138

   19 expr: expr '.' OBJECTID '(' dispatch_exprs ')' .

    $default  reduce using rule 19 (expr)


State 139

    9 feature: OBJECTID '(' formal_list ')' ':' TYPEID '{' expr . '}' ';'
   19 expr: expr . '.' OBJECTID '(' dispatch_exprs ')'
   20     | expr . '@' TYPEID '.' OBJECTID '(' dispatch_exprs ')'
   29     | expr . '+' expr
   30     | expr . '-' expr
   31     | expr . '*' expr
   32     | expr . '/' expr
   34     | expr . '<' expr
   35     | expr . LE expr
   36     | expr . '=' expr

    LE   shift, and go to state 62
    '<'  shift, and go to state 63
    '='  shift, and go to state 64
    '+'  shift, and go to state 65
    '-'  shift, and go to state 66
    '*'  shift, and go to state 67
    '/'  shift, and go to state 68
    '@'  shift, and go to state 69
    '.'  shift, and go to state 70
    '}'  shift, and go to state 145


State 140

   22 expr: IF expr THEN expr ELSE expr FI .

    $default  reduce using rule 22 (expr)


State 141

   49 let_expr: OBJECTID ':' TYPEID ASSIGN expr IN . expr

    IF          shift, and go to state 26
    LET         shift, and go to state 27
    WHILE       shift, and go to state 28
    CASE        shift, and go to state 29
    NEW         shift, and go to state 30
    ISVOID      shift, and go to state 31
    STR_CONST   shift, and go to state 32
    INT_CONST   shift, and go to state 33
    BOOL_CONST  shift, and go to state 34
    OBJECTID    shift, and go to state 35
    NOT         shift, and go to state 36
    '~'         shift, and go to state 37
    '{'         shift, and go to state 38
    '('         shift, and go to state 39

    expr  go to state 146


State 142

   52 let_expr: OBJECTID ':' TYPEID ASSIGN expr ',' . let_expr

    error     shift, and go to state 47
    OBJECTID  shift, and go to state 48

    let_expr  go to state 147


State 143

   57 case: OBJECTID ':' TYPEID DARROW . expr ';'

    IF          shift, and go to state 26
    LET         shift, and go to state 27
    WHILE       shift, and go to state 28
    CASE        shift, and go to state 29
    NEW         shift, and go to state 30
    ISVOID      shift, and go to state 31
    STR_CONST   shift, and go to state 32
    INT_CONST   shift, and go to state 33
    BOOL_CONST  shift, and go to state 34
    OBJECTID    shift, and go to state 35
    NOT         shift, and go to state 36
    '~'         shift, and go to state 37
    '{'         shift, and go to state 38
    '('         shift, and go to state 39

    expr  go to state 148


State 144

   20 expr: expr '@' TYPEID '.' OBJECTID '(' dispatch_exprs . ')'
   45 dispatch_exprs: dispatch_exprs . ',' expr

    ')'  shift, and go to state 149
    ','  shift, and go to state 114


State 145

    9 feature: OBJECTID '(' formal_list ')' ':' TYPEID '{' expr '}' . ';'

    ';'  shift, and go to state 150


State 146

   19 expr: expr . '.' OBJECTID '(' dispatch_exprs ')'
   20     | expr . '@' TYPEID '.' OBJECTID '(' dispatch_exprs ')'
   29     | expr . '+' expr
   30     | expr . '-' expr
   31     | expr . '*' expr
   32     | expr . '/' expr
   34     | expr . '<' expr
   35     | expr . LE expr
   36     | expr . '=' expr
   49 let_expr: OBJECTID ':' TYPEID ASSIGN expr IN expr .

    LE   shift, and go to state 62
    '<'  shift, and go to state 63
    '='  shift, and go to state 64
    '+'  shift, and go to state 65
    '-'  shift, and go to state 66
    '*'  shift, and go to state 67
    '/'  shift, and go to state 68
    '@'  shift, and go to state 69
    '.'  shift, and go to state 70

    $default  reduce using rule 49 (let_expr)


State 147

   52 let_expr: OBJECTID ':' TYPEID ASSIGN expr ',' let_expr .

    $default  reduce using rule 52 (let_expr)


State 148

   19 expr: expr . '.' OBJECTID '(' dispatch_exprs ')'
   20     | expr . '@' TYPEID '.' OBJECTID '(' dispatch_exprs ')'
   29     | expr . '+' expr
   30     | expr . '-' expr
   31     | expr . '*' expr
   32     | expr . '/' expr
   34     | expr . '<' expr
   35     | expr . LE expr
   36     | expr . '=' expr
   57 case: OBJECTID ':' TYPEID DARROW expr . ';'

    LE   shift, and go to state 62
    '<'  shift, and go to state 63
    '='  shift, and go to state 64
    '+'  shift, and go to state 65
    '-'  shift, and go to state 66
    '*'  shift, and go to state 67
    '/'  shift, and go to state 68
    '@'  shift, and go to state 69
    '.'  shift, and go to state 70
    ';'  shift, and go to state 151


State 149

   20 expr: expr '@' TYPEID '.' OBJECTID '(' dispatch_exprs ')' .

    $default  reduce using rule 20 (expr)


State 150

    9 feature: OBJECTID '(' formal_list ')' ':' TYPEID '{' expr '}' ';' .

    $default  reduce using rule 9 (feature)


State 151

   57 case: OBJECTID ':' TYPEID DARROW expr ';' .

    $default  reduce using rule 57 (case)
